<?xml version="1.0" encoding="UTF-8"?>
<testng-results ignored="0" total="13" passed="13" failed="0" skipped="0">
  <reporter-output>
    <line>
      <![CDATA[<div "result">I am on BMI Calculater Webpage (PASSED : 1s)</div>]]>
    </line>
    <line>
      <![CDATA[<div "result">I enter Height in Centimiters &quot;170&quot; and Weight in Kilograms &quot;50&quot; (PASSED : 0s)</div>]]>
    </line>
    <line>
      <![CDATA[<div "result">I click on calculate button (PASSED : 4s)</div>]]>
    </line>
    <line>
      <![CDATA[<div "result">I should get BMI value &quot;17.3&quot; (PASSED : 0s)</div>]]>
    </line>
    <line>
      <![CDATA[<div "result">I should get BMI Category &quot;Underweight&quot; (PASSED : 0s)</div>]]>
    </line>
    <line>
      <![CDATA[<div "result">I am on BMI Calculater Webpage (PASSED : 0s)</div>]]>
    </line>
    <line>
      <![CDATA[<div "result">I enter Height in Centimiters &quot;170&quot; and Weight in Kilograms &quot;80&quot; (PASSED : 0s)</div>]]>
    </line>
    <line>
      <![CDATA[<div "result">I click on calculate button (PASSED : 4s)</div>]]>
    </line>
    <line>
      <![CDATA[<div "result">I should get BMI value &quot;27.7&quot; (PASSED : 0s)</div>]]>
    </line>
    <line>
      <![CDATA[<div "result">I should get BMI Category &quot;Overweight&quot; (PASSED : 0s)</div>]]>
    </line>
    <line>
      <![CDATA[<div "result">I am on BMI Calculater Webpage (PASSED : 0s)</div>]]>
    </line>
    <line>
      <![CDATA[<div "result">I enter Height in Centimiters &quot;170&quot; and Weight in Kilograms &quot;60&quot; (PASSED : 0s)</div>]]>
    </line>
    <line>
      <![CDATA[<div "result">I click on calculate button (PASSED : 4s)</div>]]>
    </line>
    <line>
      <![CDATA[<div "result">I should get BMI value &quot;20.8&quot; (PASSED : 0s)</div>]]>
    </line>
    <line>
      <![CDATA[<div "result">I should get BMI Category &quot;Normal&quot; (PASSED : 0s)</div>]]>
    </line>
    <line>
      <![CDATA[<div "result">I am on BMI Calculater Webpage (PASSED : 0s)</div>]]>
    </line>
    <line>
      <![CDATA[<div "result">I enter Height in Centimiters &quot;170&quot; and Weight in Kilograms &quot;90&quot; (PASSED : 0s)</div>]]>
    </line>
    <line>
      <![CDATA[<div "result">I click on calculate button (PASSED : 4s)</div>]]>
    </line>
    <line>
      <![CDATA[<div "result">I should get BMI value &quot;31.1&quot; (PASSED : 0s)</div>]]>
    </line>
    <line>
      <![CDATA[<div "result">I should get BMI Category &quot;Obesity&quot; (PASSED : 0s)</div>]]>
    </line>
    <line>
      <![CDATA[<div "result">I am on fund transfer web page (PASSED : 0s)</div>]]>
    </line>
    <line>
      <![CDATA[<div "result">I enter valid payee &quot;Jim&quot; and valid amount &quot;500&quot; (PASSED : 0s)</div>]]>
    </line>
    <line>
      <![CDATA[<div "result">I click on Transfer button (PASSED : 0s)</div>]]>
    </line>
    <line>
      <![CDATA[<div "result">I should get success message &quot;$500 transferred successfully to Jim!!&quot; (PASSED : 0s)</div>]]>
    </line>
    <line>
      <![CDATA[<div "result">I am on fund transfer web page (PASSED : 0s)</div>]]>
    </line>
    <line>
      <![CDATA[<div "result">I enter valid payee &quot;Jim&quot; and invalid amount &quot;6000&quot; (PASSED : 0s)</div>]]>
    </line>
    <line>
      <![CDATA[<div "result">I click on Transfer button (PASSED : 0s)</div>]]>
    </line>
    <line>
      <![CDATA[<div "result">I should get fail message &quot;Transfer failed!! account cannot be overdrawn&quot; (PASSED : 0s)</div>]]>
    </line>
    <line>
      <![CDATA[<div "result">I am on fund transfer web page (PASSED : 0s)</div>]]>
    </line>
    <line>
      <![CDATA[<div "result">I enter invalid payee &quot;John&quot; and valid amount &quot;500&quot; (PASSED : 0s)</div>]]>
    </line>
    <line>
      <![CDATA[<div "result">I click on Transfer button (PASSED : 0s)</div>]]>
    </line>
    <line>
      <![CDATA[<div "result">I should get fail message &quot;Transfer failed!! &#x27;John&#x27; is not approved. Please contact your branch&quot; (PASSED : 0s)</div>]]>
    </line>
    <line>
      <![CDATA[<div "result">user is on registration form web page (PASSED : 0s)</div>]]>
    </line>
    <line>
      <![CDATA[<div "result">user will Enter &quot;Farhana&quot;, &quot;Zaman&quot;,&quot;farhana@yahoo.com&quot;, &quot;farhana@yahoo.com&quot;,&quot;far7645&quot; (PASSED : 0s)</div>]]>
    </line>
    <line>
      <![CDATA[<div "result">user will click on &quot;Female&quot; (PASSED : 0s)</div>]]>
    </line>
    <line>
      <![CDATA[<div "result">user will select &quot;Jun&quot;,&quot;25&quot;, &quot;1987&quot; (PASSED : 0s)</div>]]>
    </line>
    <line>
      <![CDATA[<div "result">user will able to register successfully (PASSED : 0s)</div>]]>
    </line>
    <line>
      <![CDATA[<div "result">user is on registration form web page (PASSED : 0s)</div>]]>
    </line>
    <line>
      <![CDATA[<div "result">user will Enter &quot;Mohammed&quot;, &quot;Islam&quot;,&quot;islam@gmail.com&quot;, &quot;islam@gmail.com&quot;,&quot;islam423&quot; (PASSED : 0s)</div>]]>
    </line>
    <line>
      <![CDATA[<div "result">user will click on &quot;Male&quot; (PASSED : 0s)</div>]]>
    </line>
    <line>
      <![CDATA[<div "result">user will select &quot;May&quot;,&quot;26&quot;, &quot;1975&quot; (PASSED : 0s)</div>]]>
    </line>
    <line>
      <![CDATA[<div "result">user will able to register successfully (PASSED : 0s)</div>]]>
    </line>
    <line>
      <![CDATA[<div "result">user is on registration form web page (PASSED : 0s)</div>]]>
    </line>
    <line>
      <![CDATA[<div "result">user will Enter &quot;Padma&quot;, &quot;Khan&quot;,&quot;padma@yahoo.com&quot;, &quot;padma@yahoo.com&quot;,&quot;padm1432&quot; (PASSED : 0s)</div>]]>
    </line>
    <line>
      <![CDATA[<div "result">user will click on &quot;Female&quot; (PASSED : 0s)</div>]]>
    </line>
    <line>
      <![CDATA[<div "result">user will select &quot;Feb&quot;,&quot;27&quot;, &quot;1985&quot; (PASSED : 0s)</div>]]>
    </line>
    <line>
      <![CDATA[<div "result">user will able to register successfully (PASSED : 0s)</div>]]>
    </line>
    <line>
      <![CDATA[<div "result">user is on registration form web page (PASSED : 0s)</div>]]>
    </line>
    <line>
      <![CDATA[<div "result">user will Enter &quot;Farhana&quot;, &quot;Zaman&quot;,&quot;farhana@yahoo.com&quot;, &quot;farhana@yahoo.com&quot;,&quot;far7645&quot; (PASSED : 0s)</div>]]>
    </line>
    <line>
      <![CDATA[<div "result">user will click on &quot;Female&quot; (PASSED : 0s)</div>]]>
    </line>
    <line>
      <![CDATA[<div "result">user will select &quot;Jun&quot;,&quot;28&quot;, &quot;1987&quot; (PASSED : 0s)</div>]]>
    </line>
    <line>
      <![CDATA[<div "result">user will able to register successfully (PASSED : 0s)</div>]]>
    </line>
    <line>
      <![CDATA[<div "result">user is on registration form web page (PASSED : 0s)</div>]]>
    </line>
    <line>
      <![CDATA[<div "result">user will Enter &quot;Mohammed&quot;, &quot;Zahir&quot;,&quot;islam@gmail.com&quot;, &quot;islam@gmail.com&quot;,&quot;islam423&quot; (PASSED : 0s)</div>]]>
    </line>
    <line>
      <![CDATA[<div "result">user will click on &quot;Male&quot; (PASSED : 0s)</div>]]>
    </line>
    <line>
      <![CDATA[<div "result">user will select &quot;May&quot;,&quot;29&quot;, &quot;1975&quot; (PASSED : 0s)</div>]]>
    </line>
    <line>
      <![CDATA[<div "result">user will able to register successfully (PASSED : 0s)</div>]]>
    </line>
    <line>
      <![CDATA[<div "result">user is on registration form web page (PASSED : 0s)</div>]]>
    </line>
    <line>
      <![CDATA[<div "result">user will Enter &quot;Oyshi&quot;, &quot;Khan&quot;,&quot;padma@yahoo.com&quot;, &quot;padma@yahoo.com&quot;,&quot;padm1432&quot; (PASSED : 0s)</div>]]>
    </line>
    <line>
      <![CDATA[<div "result">user will click on &quot;Female&quot; (PASSED : 0s)</div>]]>
    </line>
    <line>
      <![CDATA[<div "result">user will select &quot;Feb&quot;,&quot;30&quot;, &quot;1985&quot; (PASSED : 0s)</div>]]>
    </line>
    <line>
      <![CDATA[<div "result">user will able to register successfully (PASSED : 0s)</div>]]>
    </line>
  </reporter-output>
  <suite started-at="2018-07-18T23:43:37Z" name="runnerPack.TestRunner" finished-at="2018-07-18T23:44:54Z" duration-ms="76303">
    <groups>
      <group name="cucumber">
        <method signature="AbstractTestNGCucumberTests.runScenario(cucumber.api.testng.PickleEventWrapper, cucumber.api.testng.CucumberFeatureWrapper)[pri:0, instance:runnerPack.TestRunner@2f7298b]" name="runScenario" class="cucumber.api.testng.AbstractTestNGCucumberTests"/>
      </group> <!-- cucumber -->
    </groups>
    <test started-at="2018-07-18T23:43:37Z" name="Command line test" finished-at="2018-07-18T23:44:54Z" duration-ms="76303">
      <class name="runnerPack.TestRunner">
        <test-method is-config="true" signature="setUpClass()[pri:0, instance:runnerPack.TestRunner@2f7298b]" started-at="2018-07-18T23:43:37Z" name="setUpClass" finished-at="2018-07-18T23:43:38Z" duration-ms="376" status="PASS">
          <reporter-output>
          </reporter-output>
        </test-method> <!-- setUpClass -->
        <test-method signature="runScenario(cucumber.api.testng.PickleEventWrapper, cucumber.api.testng.CucumberFeatureWrapper)[pri:0, instance:runnerPack.TestRunner@2f7298b]" started-at="2018-07-18T23:43:38Z" name="runScenario" description="Runs Cucumber Scenarios" data-provider="scenarios" finished-at="2018-07-18T23:43:49Z" duration-ms="10604" status="PASS">
          <params>
            <param index="0">
              <value>
                <![CDATA["Categoty Under Weight"]]>
              </value>
            </param>
            <param index="1">
              <value>
                <![CDATA["BMI Calculater functionality"]]>
              </value>
            </param>
          </params>
          <reporter-output>
            <line>
              <![CDATA[<div "result">I am on BMI Calculater Webpage (PASSED : 1s)</div>]]>
            </line>
            <line>
              <![CDATA[<div "result">I enter Height in Centimiters &quot;170&quot; and Weight in Kilograms &quot;50&quot; (PASSED : 0s)</div>]]>
            </line>
            <line>
              <![CDATA[<div "result">I click on calculate button (PASSED : 4s)</div>]]>
            </line>
            <line>
              <![CDATA[<div "result">I should get BMI value &quot;17.3&quot; (PASSED : 0s)</div>]]>
            </line>
            <line>
              <![CDATA[<div "result">I should get BMI Category &quot;Underweight&quot; (PASSED : 0s)</div>]]>
            </line>
          </reporter-output>
        </test-method> <!-- runScenario -->
        <test-method signature="runScenario(cucumber.api.testng.PickleEventWrapper, cucumber.api.testng.CucumberFeatureWrapper)[pri:0, instance:runnerPack.TestRunner@2f7298b]" started-at="2018-07-18T23:43:49Z" name="runScenario" description="Runs Cucumber Scenarios" data-provider="scenarios" finished-at="2018-07-18T23:43:56Z" duration-ms="7634" status="PASS">
          <params>
            <param index="0">
              <value>
                <![CDATA["Categoty Over Weight"]]>
              </value>
            </param>
            <param index="1">
              <value>
                <![CDATA["BMI Calculater functionality"]]>
              </value>
            </param>
          </params>
          <reporter-output>
            <line>
              <![CDATA[<div "result">I am on BMI Calculater Webpage (PASSED : 0s)</div>]]>
            </line>
            <line>
              <![CDATA[<div "result">I enter Height in Centimiters &quot;170&quot; and Weight in Kilograms &quot;80&quot; (PASSED : 0s)</div>]]>
            </line>
            <line>
              <![CDATA[<div "result">I click on calculate button (PASSED : 4s)</div>]]>
            </line>
            <line>
              <![CDATA[<div "result">I should get BMI value &quot;27.7&quot; (PASSED : 0s)</div>]]>
            </line>
            <line>
              <![CDATA[<div "result">I should get BMI Category &quot;Overweight&quot; (PASSED : 0s)</div>]]>
            </line>
          </reporter-output>
        </test-method> <!-- runScenario -->
        <test-method signature="runScenario(cucumber.api.testng.PickleEventWrapper, cucumber.api.testng.CucumberFeatureWrapper)[pri:0, instance:runnerPack.TestRunner@2f7298b]" started-at="2018-07-18T23:43:56Z" name="runScenario" description="Runs Cucumber Scenarios" data-provider="scenarios" finished-at="2018-07-18T23:44:04Z" duration-ms="7972" status="PASS">
          <params>
            <param index="0">
              <value>
                <![CDATA["Categoty Normal"]]>
              </value>
            </param>
            <param index="1">
              <value>
                <![CDATA["BMI Calculater functionality"]]>
              </value>
            </param>
          </params>
          <reporter-output>
            <line>
              <![CDATA[<div "result">I am on BMI Calculater Webpage (PASSED : 0s)</div>]]>
            </line>
            <line>
              <![CDATA[<div "result">I enter Height in Centimiters &quot;170&quot; and Weight in Kilograms &quot;60&quot; (PASSED : 0s)</div>]]>
            </line>
            <line>
              <![CDATA[<div "result">I click on calculate button (PASSED : 4s)</div>]]>
            </line>
            <line>
              <![CDATA[<div "result">I should get BMI value &quot;20.8&quot; (PASSED : 0s)</div>]]>
            </line>
            <line>
              <![CDATA[<div "result">I should get BMI Category &quot;Normal&quot; (PASSED : 0s)</div>]]>
            </line>
          </reporter-output>
        </test-method> <!-- runScenario -->
        <test-method signature="runScenario(cucumber.api.testng.PickleEventWrapper, cucumber.api.testng.CucumberFeatureWrapper)[pri:0, instance:runnerPack.TestRunner@2f7298b]" started-at="2018-07-18T23:44:04Z" name="runScenario" description="Runs Cucumber Scenarios" data-provider="scenarios" finished-at="2018-07-18T23:44:12Z" duration-ms="7668" status="PASS">
          <params>
            <param index="0">
              <value>
                <![CDATA["Categoty Obesity"]]>
              </value>
            </param>
            <param index="1">
              <value>
                <![CDATA["BMI Calculater functionality"]]>
              </value>
            </param>
          </params>
          <reporter-output>
            <line>
              <![CDATA[<div "result">I am on BMI Calculater Webpage (PASSED : 0s)</div>]]>
            </line>
            <line>
              <![CDATA[<div "result">I enter Height in Centimiters &quot;170&quot; and Weight in Kilograms &quot;90&quot; (PASSED : 0s)</div>]]>
            </line>
            <line>
              <![CDATA[<div "result">I click on calculate button (PASSED : 4s)</div>]]>
            </line>
            <line>
              <![CDATA[<div "result">I should get BMI value &quot;31.1&quot; (PASSED : 0s)</div>]]>
            </line>
            <line>
              <![CDATA[<div "result">I should get BMI Category &quot;Obesity&quot; (PASSED : 0s)</div>]]>
            </line>
          </reporter-output>
        </test-method> <!-- runScenario -->
        <test-method signature="runScenario(cucumber.api.testng.PickleEventWrapper, cucumber.api.testng.CucumberFeatureWrapper)[pri:0, instance:runnerPack.TestRunner@2f7298b]" started-at="2018-07-18T23:44:12Z" name="runScenario" description="Runs Cucumber Scenarios" data-provider="scenarios" finished-at="2018-07-18T23:44:18Z" duration-ms="5888" status="PASS">
          <params>
            <param index="0">
              <value>
                <![CDATA["Valid payee and Valid Amount"]]>
              </value>
            </param>
            <param index="1">
              <value>
                <![CDATA["Fund Transfer functionality"]]>
              </value>
            </param>
          </params>
          <reporter-output>
            <line>
              <![CDATA[<div "result">I am on fund transfer web page (PASSED : 0s)</div>]]>
            </line>
            <line>
              <![CDATA[<div "result">I enter valid payee &quot;Jim&quot; and valid amount &quot;500&quot; (PASSED : 0s)</div>]]>
            </line>
            <line>
              <![CDATA[<div "result">I click on Transfer button (PASSED : 0s)</div>]]>
            </line>
            <line>
              <![CDATA[<div "result">I should get success message &quot;$500 transferred successfully to Jim!!&quot; (PASSED : 0s)</div>]]>
            </line>
          </reporter-output>
        </test-method> <!-- runScenario -->
        <test-method signature="runScenario(cucumber.api.testng.PickleEventWrapper, cucumber.api.testng.CucumberFeatureWrapper)[pri:0, instance:runnerPack.TestRunner@2f7298b]" started-at="2018-07-18T23:44:18Z" name="runScenario" description="Runs Cucumber Scenarios" data-provider="scenarios" finished-at="2018-07-18T23:44:21Z" duration-ms="3688" status="PASS">
          <params>
            <param index="0">
              <value>
                <![CDATA["Valid payee and Invalid Amount"]]>
              </value>
            </param>
            <param index="1">
              <value>
                <![CDATA["Fund Transfer functionality"]]>
              </value>
            </param>
          </params>
          <reporter-output>
            <line>
              <![CDATA[<div "result">I am on fund transfer web page (PASSED : 0s)</div>]]>
            </line>
            <line>
              <![CDATA[<div "result">I enter valid payee &quot;Jim&quot; and invalid amount &quot;6000&quot; (PASSED : 0s)</div>]]>
            </line>
            <line>
              <![CDATA[<div "result">I click on Transfer button (PASSED : 0s)</div>]]>
            </line>
            <line>
              <![CDATA[<div "result">I should get fail message &quot;Transfer failed!! account cannot be overdrawn&quot; (PASSED : 0s)</div>]]>
            </line>
          </reporter-output>
        </test-method> <!-- runScenario -->
        <test-method signature="runScenario(cucumber.api.testng.PickleEventWrapper, cucumber.api.testng.CucumberFeatureWrapper)[pri:0, instance:runnerPack.TestRunner@2f7298b]" started-at="2018-07-18T23:44:21Z" name="runScenario" description="Runs Cucumber Scenarios" data-provider="scenarios" finished-at="2018-07-18T23:44:25Z" duration-ms="3861" status="PASS">
          <params>
            <param index="0">
              <value>
                <![CDATA["Invalid payee and Valid Amount"]]>
              </value>
            </param>
            <param index="1">
              <value>
                <![CDATA["Fund Transfer functionality"]]>
              </value>
            </param>
          </params>
          <reporter-output>
            <line>
              <![CDATA[<div "result">I am on fund transfer web page (PASSED : 0s)</div>]]>
            </line>
            <line>
              <![CDATA[<div "result">I enter invalid payee &quot;John&quot; and valid amount &quot;500&quot; (PASSED : 0s)</div>]]>
            </line>
            <line>
              <![CDATA[<div "result">I click on Transfer button (PASSED : 0s)</div>]]>
            </line>
            <line>
              <![CDATA[<div "result">I should get fail message &quot;Transfer failed!! &#x27;John&#x27; is not approved. Please contact your branch&quot; (PASSED : 0s)</div>]]>
            </line>
          </reporter-output>
        </test-method> <!-- runScenario -->
        <test-method signature="runScenario(cucumber.api.testng.PickleEventWrapper, cucumber.api.testng.CucumberFeatureWrapper)[pri:0, instance:runnerPack.TestRunner@2f7298b]" started-at="2018-07-18T23:44:25Z" name="runScenario" description="Runs Cucumber Scenarios" data-provider="scenarios" finished-at="2018-07-18T23:44:32Z" duration-ms="6823" status="PASS">
          <params>
            <param index="0">
              <value>
                <![CDATA["User will able to Registration by using valid data"]]>
              </value>
            </param>
            <param index="1">
              <value>
                <![CDATA["Registration form fillup"]]>
              </value>
            </param>
          </params>
          <reporter-output>
            <line>
              <![CDATA[<div "result">user is on registration form web page (PASSED : 0s)</div>]]>
            </line>
            <line>
              <![CDATA[<div "result">user will Enter &quot;Farhana&quot;, &quot;Zaman&quot;,&quot;farhana@yahoo.com&quot;, &quot;farhana@yahoo.com&quot;,&quot;far7645&quot; (PASSED : 0s)</div>]]>
            </line>
            <line>
              <![CDATA[<div "result">user will click on &quot;Female&quot; (PASSED : 0s)</div>]]>
            </line>
            <line>
              <![CDATA[<div "result">user will select &quot;Jun&quot;,&quot;25&quot;, &quot;1987&quot; (PASSED : 0s)</div>]]>
            </line>
            <line>
              <![CDATA[<div "result">user will able to register successfully (PASSED : 0s)</div>]]>
            </line>
          </reporter-output>
        </test-method> <!-- runScenario -->
        <test-method signature="runScenario(cucumber.api.testng.PickleEventWrapper, cucumber.api.testng.CucumberFeatureWrapper)[pri:0, instance:runnerPack.TestRunner@2f7298b]" started-at="2018-07-18T23:44:32Z" name="runScenario" description="Runs Cucumber Scenarios" data-provider="scenarios" finished-at="2018-07-18T23:44:37Z" duration-ms="4440" status="PASS">
          <params>
            <param index="0">
              <value>
                <![CDATA["User will able to Registration by using valid data"]]>
              </value>
            </param>
            <param index="1">
              <value>
                <![CDATA["Registration form fillup"]]>
              </value>
            </param>
          </params>
          <reporter-output>
            <line>
              <![CDATA[<div "result">user is on registration form web page (PASSED : 0s)</div>]]>
            </line>
            <line>
              <![CDATA[<div "result">user will Enter &quot;Mohammed&quot;, &quot;Islam&quot;,&quot;islam@gmail.com&quot;, &quot;islam@gmail.com&quot;,&quot;islam423&quot; (PASSED : 0s)</div>]]>
            </line>
            <line>
              <![CDATA[<div "result">user will click on &quot;Male&quot; (PASSED : 0s)</div>]]>
            </line>
            <line>
              <![CDATA[<div "result">user will select &quot;May&quot;,&quot;26&quot;, &quot;1975&quot; (PASSED : 0s)</div>]]>
            </line>
            <line>
              <![CDATA[<div "result">user will able to register successfully (PASSED : 0s)</div>]]>
            </line>
          </reporter-output>
        </test-method> <!-- runScenario -->
        <test-method signature="runScenario(cucumber.api.testng.PickleEventWrapper, cucumber.api.testng.CucumberFeatureWrapper)[pri:0, instance:runnerPack.TestRunner@2f7298b]" started-at="2018-07-18T23:44:37Z" name="runScenario" description="Runs Cucumber Scenarios" data-provider="scenarios" finished-at="2018-07-18T23:44:41Z" duration-ms="4372" status="PASS">
          <params>
            <param index="0">
              <value>
                <![CDATA["User will able to Registration by using valid data"]]>
              </value>
            </param>
            <param index="1">
              <value>
                <![CDATA["Registration form fillup"]]>
              </value>
            </param>
          </params>
          <reporter-output>
            <line>
              <![CDATA[<div "result">user is on registration form web page (PASSED : 0s)</div>]]>
            </line>
            <line>
              <![CDATA[<div "result">user will Enter &quot;Padma&quot;, &quot;Khan&quot;,&quot;padma@yahoo.com&quot;, &quot;padma@yahoo.com&quot;,&quot;padm1432&quot; (PASSED : 0s)</div>]]>
            </line>
            <line>
              <![CDATA[<div "result">user will click on &quot;Female&quot; (PASSED : 0s)</div>]]>
            </line>
            <line>
              <![CDATA[<div "result">user will select &quot;Feb&quot;,&quot;27&quot;, &quot;1985&quot; (PASSED : 0s)</div>]]>
            </line>
            <line>
              <![CDATA[<div "result">user will able to register successfully (PASSED : 0s)</div>]]>
            </line>
          </reporter-output>
        </test-method> <!-- runScenario -->
        <test-method signature="runScenario(cucumber.api.testng.PickleEventWrapper, cucumber.api.testng.CucumberFeatureWrapper)[pri:0, instance:runnerPack.TestRunner@2f7298b]" started-at="2018-07-18T23:44:41Z" name="runScenario" description="Runs Cucumber Scenarios" data-provider="scenarios" finished-at="2018-07-18T23:44:45Z" duration-ms="4312" status="PASS">
          <params>
            <param index="0">
              <value>
                <![CDATA["User will able to Registration by using valid data"]]>
              </value>
            </param>
            <param index="1">
              <value>
                <![CDATA["Registration form fillup"]]>
              </value>
            </param>
          </params>
          <reporter-output>
            <line>
              <![CDATA[<div "result">user is on registration form web page (PASSED : 0s)</div>]]>
            </line>
            <line>
              <![CDATA[<div "result">user will Enter &quot;Farhana&quot;, &quot;Zaman&quot;,&quot;farhana@yahoo.com&quot;, &quot;farhana@yahoo.com&quot;,&quot;far7645&quot; (PASSED : 0s)</div>]]>
            </line>
            <line>
              <![CDATA[<div "result">user will click on &quot;Female&quot; (PASSED : 0s)</div>]]>
            </line>
            <line>
              <![CDATA[<div "result">user will select &quot;Jun&quot;,&quot;28&quot;, &quot;1987&quot; (PASSED : 0s)</div>]]>
            </line>
            <line>
              <![CDATA[<div "result">user will able to register successfully (PASSED : 0s)</div>]]>
            </line>
          </reporter-output>
        </test-method> <!-- runScenario -->
        <test-method signature="runScenario(cucumber.api.testng.PickleEventWrapper, cucumber.api.testng.CucumberFeatureWrapper)[pri:0, instance:runnerPack.TestRunner@2f7298b]" started-at="2018-07-18T23:44:45Z" name="runScenario" description="Runs Cucumber Scenarios" data-provider="scenarios" finished-at="2018-07-18T23:44:49Z" duration-ms="4179" status="PASS">
          <params>
            <param index="0">
              <value>
                <![CDATA["User will able to Registration by using valid data"]]>
              </value>
            </param>
            <param index="1">
              <value>
                <![CDATA["Registration form fillup"]]>
              </value>
            </param>
          </params>
          <reporter-output>
            <line>
              <![CDATA[<div "result">user is on registration form web page (PASSED : 0s)</div>]]>
            </line>
            <line>
              <![CDATA[<div "result">user will Enter &quot;Mohammed&quot;, &quot;Zahir&quot;,&quot;islam@gmail.com&quot;, &quot;islam@gmail.com&quot;,&quot;islam423&quot; (PASSED : 0s)</div>]]>
            </line>
            <line>
              <![CDATA[<div "result">user will click on &quot;Male&quot; (PASSED : 0s)</div>]]>
            </line>
            <line>
              <![CDATA[<div "result">user will select &quot;May&quot;,&quot;29&quot;, &quot;1975&quot; (PASSED : 0s)</div>]]>
            </line>
            <line>
              <![CDATA[<div "result">user will able to register successfully (PASSED : 0s)</div>]]>
            </line>
          </reporter-output>
        </test-method> <!-- runScenario -->
        <test-method signature="runScenario(cucumber.api.testng.PickleEventWrapper, cucumber.api.testng.CucumberFeatureWrapper)[pri:0, instance:runnerPack.TestRunner@2f7298b]" started-at="2018-07-18T23:44:49Z" name="runScenario" description="Runs Cucumber Scenarios" data-provider="scenarios" finished-at="2018-07-18T23:44:54Z" duration-ms="4252" status="PASS">
          <params>
            <param index="0">
              <value>
                <![CDATA["User will able to Registration by using valid data"]]>
              </value>
            </param>
            <param index="1">
              <value>
                <![CDATA["Registration form fillup"]]>
              </value>
            </param>
          </params>
          <reporter-output>
            <line>
              <![CDATA[<div "result">user is on registration form web page (PASSED : 0s)</div>]]>
            </line>
            <line>
              <![CDATA[<div "result">user will Enter &quot;Oyshi&quot;, &quot;Khan&quot;,&quot;padma@yahoo.com&quot;, &quot;padma@yahoo.com&quot;,&quot;padm1432&quot; (PASSED : 0s)</div>]]>
            </line>
            <line>
              <![CDATA[<div "result">user will click on &quot;Female&quot; (PASSED : 0s)</div>]]>
            </line>
            <line>
              <![CDATA[<div "result">user will select &quot;Feb&quot;,&quot;30&quot;, &quot;1985&quot; (PASSED : 0s)</div>]]>
            </line>
            <line>
              <![CDATA[<div "result">user will able to register successfully (PASSED : 0s)</div>]]>
            </line>
          </reporter-output>
        </test-method> <!-- runScenario -->
        <test-method is-config="true" signature="tearDownClass()[pri:0, instance:runnerPack.TestRunner@2f7298b]" started-at="2018-07-18T23:44:54Z" name="tearDownClass" finished-at="2018-07-18T23:44:54Z" duration-ms="96" status="PASS">
          <reporter-output>
          </reporter-output>
        </test-method> <!-- tearDownClass -->
      </class> <!-- runnerPack.TestRunner -->
    </test> <!-- Command line test -->
  </suite> <!-- runnerPack.TestRunner -->
</testng-results>
